-- The C compiler identification is GNU 11.4.0
-- The CXX compiler identification is GNU 11.4.0
-- Detecting C compiler ABI info
-- Detecting C compiler ABI info - done
-- Check for working C compiler: /usr/bin/cc - skipped
-- Detecting C compile features
-- Detecting C compile features - done
-- Detecting CXX compiler ABI info
-- Detecting CXX compiler ABI info - done
-- Check for working CXX compiler: /usr/bin/c++ - skipped
-- Detecting CXX compile features
-- Detecting CXX compile features - done
-- Found ament_cmake_auto: 1.3.11 (/opt/ros/humble/share/ament_cmake_auto/cmake)
-- Found Python3: /usr/bin/python3 (found version "3.10.12") found components: Interpreter 
-- Found rosidl_generator_c: 3.1.6 (/opt/ros/humble/share/rosidl_generator_c/cmake)
-- Found rosidl_adapter: 3.1.6 (/opt/ros/humble/share/rosidl_adapter/cmake)
-- Found rosidl_generator_cpp: 3.1.6 (/opt/ros/humble/share/rosidl_generator_cpp/cmake)
-- Using all available rosidl_typesupport_c: rosidl_typesupport_fastrtps_c;rosidl_typesupport_introspection_c
-- Using all available rosidl_typesupport_cpp: rosidl_typesupport_fastrtps_cpp;rosidl_typesupport_introspection_cpp
-- Found rmw_implementation_cmake: 6.1.2 (/opt/ros/humble/share/rmw_implementation_cmake/cmake)
-- Found rmw_fastrtps_cpp: 6.2.7 (/opt/ros/humble/share/rmw_fastrtps_cpp/cmake)
-- Found OpenSSL: /usr/lib/x86_64-linux-gnu/libcrypto.so (found version "3.0.2")  
-- Found FastRTPS: /opt/ros/humble/include  
-- Using RMW implementation 'rmw_fastrtps_cpp' as default
-- Looking for pthread.h
-- Looking for pthread.h - found
-- Performing Test CMAKE_HAVE_LIBC_PTHREAD
-- Performing Test CMAKE_HAVE_LIBC_PTHREAD - Success
-- Found Threads: TRUE  
-- Found asio_cmake_module: 1.2.0 (/opt/ros/humble/share/asio_cmake_module/cmake)
-- Found ASIO: /usr/include  
-- Found eigen3_cmake_module: 0.1.1 (/opt/ros/humble/share/eigen3_cmake_module/cmake)
-- Found Eigen3: TRUE (found version "3.4.0") 
-- Ensuring Eigen3 include directory is part of orocos-kdl CMake target
-- Found ament_lint_auto: 0.12.11 (/opt/ros/humble/share/ament_lint_auto/cmake)
-- Added test 'cppcheck' to perform static code analysis on C / C++ code
-- Configured cppcheck include dirs: /home/ultron/Desktop/ros2_ws/src/rm_serial_driver/include
-- Configured cppcheck exclude dirs and/or files: 
-- Added test 'cpplint' to check C / C++ code against the Google style
-- Configured cpplint exclude dirs and/or files: 
-- Added test 'flake8' to check Python code syntax and style conventions
-- Added test 'lint_cmake' to check CMake code style
-- Added test 'pep257' to check Python code against some of the docstring style conventions in PEP 257
-- Added test 'xmllint' to check XML markup files
-- Configuring done
-- Generating done
-- Build files have been written to: /home/ultron/Desktop/ros2_ws/build/rm_serial_driver
[ 20%] [32mBuilding CXX object CMakeFiles/rm_serial_driver.dir/src/rm_serial_driver.cpp.o[0m
[ 40%] [32mBuilding CXX object CMakeFiles/rm_serial_driver.dir/src/crc.cpp.o[0m
[ 60%] [32mBuilding CXX object CMakeFiles/rm_serial_driver_node.dir/rclcpp_components/node_main_rm_serial_driver_node.cpp.o[0m
In file included from [01m[K/home/ultron/Desktop/ros2_ws/src/rm_serial_driver/src/rm_serial_driver.cpp:22[m[K:
[01m[K/home/ultron/Desktop/ros2_ws/src/rm_serial_driver/include/rm_serial_driver/rm_serial_driver.hpp:62:3:[m[K [01;31m[Kerror: [m[Kâ€˜[01m[Kvr_interfaces[m[Kâ€™ does not name a type
   62 |   [01;31m[Kvr_interfaces[m[K::msg::PosCmd VR_Left;
      |   [01;31m[K^~~~~~~~~~~~~[m[K
[01m[K/home/ultron/Desktop/ros2_ws/src/rm_serial_driver/include/rm_serial_driver/rm_serial_driver.hpp:63:3:[m[K [01;31m[Kerror: [m[Kâ€˜[01m[Kvr_interfaces[m[Kâ€™ does not name a type
   63 |   [01;31m[Kvr_interfaces[m[K::msg::PosCmd VR_Right;
      |   [01;31m[K^~~~~~~~~~~~~[m[K
[01m[K/home/ultron/Desktop/ros2_ws/src/rm_serial_driver/include/rm_serial_driver/rm_serial_driver.hpp:70:21:[m[K [01;31m[Kerror: [m[Kâ€˜[01m[Kvr_interfaces[m[Kâ€™ was not declared in this scope; did you mean â€˜[01m[Krcl_interfaces[m[Kâ€™?
   70 |   rclcpp::Publisher<[01;31m[Kvr_interfaces[m[K::msg::PosCmd>::SharedPtr arxvrr_pub_;
      |                     [01;31m[K^~~~~~~~~~~~~[m[K
      |                     [32m[Krcl_interfaces[m[K
[01m[K/home/ultron/Desktop/ros2_ws/src/rm_serial_driver/include/rm_serial_driver/rm_serial_driver.hpp:70:47:[m[K [01;31m[Kerror: [m[Ktemplate argument 1 is invalid
   70 |   rclcpp::Publisher<vr_interfaces::msg::PosCmd[01;31m[K>[m[K::SharedPtr arxvrr_pub_;
      |                                               [01;31m[K^[m[K
[01m[K/home/ultron/Desktop/ros2_ws/src/rm_serial_driver/include/rm_serial_driver/rm_serial_driver.hpp:70:50:[m[K [01;31m[Kerror: [m[Kexpected â€˜[01m[K;[m[Kâ€™ at end of member declaration
   70 |   rclcpp::Publisher<vr_interfaces::msg::PosCmd>::[01;31m[KSharedPtr[m[K arxvrr_pub_;
      |                                                  [01;31m[K^~~~~~~~~[m[K
      |                                                           [32m[K;[m[K
[01m[K/home/ultron/Desktop/ros2_ws/src/rm_serial_driver/include/rm_serial_driver/rm_serial_driver.hpp:70:60:[m[K [01;31m[Kerror: [m[Kâ€˜[01m[Karxvrr_pub_[m[Kâ€™ does not name a type
   70 |   rclcpp::Publisher<vr_interfaces::msg::PosCmd>::SharedPtr [01;31m[Karxvrr_pub_[m[K;
      |                                                            [01;31m[K^~~~~~~~~~~[m[K
[01m[K/home/ultron/Desktop/ros2_ws/src/rm_serial_driver/include/rm_serial_driver/rm_serial_driver.hpp:71:21:[m[K [01;31m[Kerror: [m[Kâ€˜[01m[Kvr_interfaces[m[Kâ€™ was not declared in this scope; did you mean â€˜[01m[Krcl_interfaces[m[Kâ€™?
   71 |   rclcpp::Publisher<[01;31m[Kvr_interfaces[m[K::msg::PosCmd>::SharedPtr arxvrl_pub_;
      |                     [01;31m[K^~~~~~~~~~~~~[m[K
      |                     [32m[Krcl_interfaces[m[K
[01m[K/home/ultron/Desktop/ros2_ws/src/rm_serial_driver/include/rm_serial_driver/rm_serial_driver.hpp:71:47:[m[K [01;31m[Kerror: [m[Ktemplate argument 1 is invalid
   71 |   rclcpp::Publisher<vr_interfaces::msg::PosCmd[01;31m[K>[m[K::SharedPtr arxvrl_pub_;
      |                                               [01;31m[K^[m[K
[01m[K/home/ultron/Desktop/ros2_ws/src/rm_serial_driver/include/rm_serial_driver/rm_serial_driver.hpp:71:50:[m[K [01;31m[Kerror: [m[Kexpected â€˜[01m[K;[m[Kâ€™ at end of member declaration
   71 |   rclcpp::Publisher<vr_interfaces::msg::PosCmd>::[01;31m[KSharedPtr[m[K arxvrl_pub_;
      |                                                  [01;31m[K^~~~~~~~~[m[K
      |                                                           [32m[K;[m[K
[01m[K/home/ultron/Desktop/ros2_ws/src/rm_serial_driver/include/rm_serial_driver/rm_serial_driver.hpp:71:50:[m[K [01;31m[Kerror: [m[Kredeclaration of â€˜[01m[Kint rm_serial_driver::RMSerialDriver::SharedPtr[m[Kâ€™
[01m[K/home/ultron/Desktop/ros2_ws/src/rm_serial_driver/include/rm_serial_driver/rm_serial_driver.hpp:70:50:[m[K [01;36m[Knote: [m[Kprevious declaration â€˜[01m[Kint rm_serial_driver::RMSerialDriver::SharedPtr[m[Kâ€™
   70 |   rclcpp::Publisher<vr_interfaces::msg::PosCmd>::[01;36m[KSharedPtr[m[K arxvrr_pub_;
      |                                                  [01;36m[K^~~~~~~~~[m[K
[01m[K/home/ultron/Desktop/ros2_ws/src/rm_serial_driver/include/rm_serial_driver/rm_serial_driver.hpp:71:60:[m[K [01;31m[Kerror: [m[Kâ€˜[01m[Karxvrl_pub_[m[Kâ€™ does not name a type
   71 |   rclcpp::Publisher<vr_interfaces::msg::PosCmd>::SharedPtr [01;31m[Karxvrl_pub_[m[K;
      |                                                            [01;31m[K^~~~~~~~~~~[m[K
[ 80%] [32m[1mLinking CXX executable rm_serial_driver_node[0m
[ 80%] Built target rm_serial_driver_node
[01m[K/home/ultron/Desktop/ros2_ws/src/rm_serial_driver/src/rm_serial_driver.cpp:[m[K In constructor â€˜[01m[Krm_serial_driver::RMSerialDriver::RMSerialDriver(const rclcpp::NodeOptions&)[m[Kâ€™:
[01m[K/home/ultron/Desktop/ros2_ws/src/rm_serial_driver/src/rm_serial_driver.cpp:41:3:[m[K [01;31m[Kerror: [m[Kâ€˜[01m[Karxvrr_pub_[m[Kâ€™ was not declared in this scope
   41 |   [01;31m[Karxvrr_pub_[m[K = this->create_publisher<vr_interfaces::msg::PosCmd>("ARX_VR_R", 10);
      |   [01;31m[K^~~~~~~~~~~[m[K
[01m[K/home/ultron/Desktop/ros2_ws/src/rm_serial_driver/src/rm_serial_driver.cpp:42:3:[m[K [01;31m[Kerror: [m[Kâ€˜[01m[Karxvrl_pub_[m[Kâ€™ was not declared in this scope
   42 |   [01;31m[Karxvrl_pub_[m[K = this->create_publisher<vr_interfaces::msg::PosCmd>("ARX_VR_L", 10);
      |   [01;31m[K^~~~~~~~~~~[m[K
[01m[K/home/ultron/Desktop/ros2_ws/src/rm_serial_driver/src/rm_serial_driver.cpp:[m[K In member function â€˜[01m[Kvoid rm_serial_driver::RMSerialDriver::receiveData()[m[Kâ€™:
[01m[K/home/ultron/Desktop/ros2_ws/src/rm_serial_driver/src/rm_serial_driver.cpp:112:11:[m[K [01;31m[Kerror: [m[Kâ€˜[01m[KVR_Right[m[Kâ€™ was not declared in this scope
  112 |           [01;31m[KVR_Right[m[K.x= packet.right_XYZ[0];
      |           [01;31m[K^~~~~~~~[m[K
[01m[K/home/ultron/Desktop/ros2_ws/src/rm_serial_driver/src/rm_serial_driver.cpp:120:11:[m[K [01;31m[Kerror: [m[Kâ€˜[01m[KVR_Left[m[Kâ€™ was not declared in this scope
  120 |           [01;31m[KVR_Left[m[K.x= packet.left_XYZ[0];
      |           [01;31m[K^~~~~~~[m[K
[01m[K/home/ultron/Desktop/ros2_ws/src/rm_serial_driver/src/rm_serial_driver.cpp:128:11:[m[K [01;31m[Kerror: [m[Kâ€˜[01m[Karxvrr_pub_[m[Kâ€™ was not declared in this scope
  128 |           [01;31m[Karxvrr_pub_[m[K->publish(VR_Right);
      |           [01;31m[K^~~~~~~~~~~[m[K
[01m[K/home/ultron/Desktop/ros2_ws/src/rm_serial_driver/src/rm_serial_driver.cpp:129:11:[m[K [01;31m[Kerror: [m[Kâ€˜[01m[Karxvrl_pub_[m[Kâ€™ was not declared in this scope
  129 |           [01;31m[Karxvrl_pub_[m[K->publish(VR_Left);
      |           [01;31m[K^~~~~~~~~~~[m[K
gmake[2]: *** [CMakeFiles/rm_serial_driver.dir/build.make:76ï¼šCMakeFiles/rm_serial_driver.dir/src/rm_serial_driver.cpp.o] é”™è¯¯ 1
gmake[1]: *** [CMakeFiles/Makefile2:139ï¼šCMakeFiles/rm_serial_driver.dir/all] é”™è¯¯ 2
gmake: *** [Makefile:146ï¼šall] é”™è¯¯ 2
