[0.005s] Invoking command in '/home/ultron/Desktop/ros2_ws/build/rm_serial_driver': AMENT_PREFIX_PATH=/home/ultron/Desktop/ros2_ws/install/vr_interfaces:${AMENT_PREFIX_PATH} CMAKE_PREFIX_PATH=/home/ultron/Desktop/ros2_ws/install/vr_interfaces:/opt/ros/humble LD_LIBRARY_PATH=/home/ultron/Desktop/ros2_ws/install/vr_interfaces/lib:${LD_LIBRARY_PATH} PYTHONPATH=/home/ultron/Desktop/ros2_ws/install/vr_interfaces/local/lib/python3.10/dist-packages:${PYTHONPATH} /usr/bin/cmake /home/ultron/Desktop/ros2_ws/src/rm_serial_driver -DCMAKE_INSTALL_PREFIX=/home/ultron/Desktop/ros2_ws/install/rm_serial_driver
[0.035s] -- The C compiler identification is GNU 11.4.0
[0.072s] -- The CXX compiler identification is GNU 11.4.0
[0.076s] -- Detecting C compiler ABI info
[0.116s] -- Detecting C compiler ABI info - done
[0.120s] -- Check for working C compiler: /usr/bin/cc - skipped
[0.120s] -- Detecting C compile features
[0.120s] -- Detecting C compile features - done
[0.122s] -- Detecting CXX compiler ABI info
[0.174s] -- Detecting CXX compiler ABI info - done
[0.177s] -- Check for working CXX compiler: /usr/bin/c++ - skipped
[0.178s] -- Detecting CXX compile features
[0.178s] -- Detecting CXX compile features - done
[0.179s] -- Found ament_cmake_auto: 1.3.11 (/opt/ros/humble/share/ament_cmake_auto/cmake)
[0.270s] -- Found Python3: /usr/bin/python3 (found version "3.10.12") found components: Interpreter 
[0.362s] -- Found rosidl_generator_c: 3.1.6 (/opt/ros/humble/share/rosidl_generator_c/cmake)
[0.363s] -- Found rosidl_adapter: 3.1.6 (/opt/ros/humble/share/rosidl_adapter/cmake)
[0.367s] -- Found rosidl_generator_cpp: 3.1.6 (/opt/ros/humble/share/rosidl_generator_cpp/cmake)
[0.372s] -- Using all available rosidl_typesupport_c: rosidl_typesupport_fastrtps_c;rosidl_typesupport_introspection_c
[0.379s] -- Using all available rosidl_typesupport_cpp: rosidl_typesupport_fastrtps_cpp;rosidl_typesupport_introspection_cpp
[0.397s] -- Found rmw_implementation_cmake: 6.1.2 (/opt/ros/humble/share/rmw_implementation_cmake/cmake)
[0.398s] -- Found rmw_fastrtps_cpp: 6.2.7 (/opt/ros/humble/share/rmw_fastrtps_cpp/cmake)
[0.451s] -- Found OpenSSL: /usr/lib/x86_64-linux-gnu/libcrypto.so (found version "3.0.2")  
[0.466s] -- Found FastRTPS: /opt/ros/humble/include  
[0.488s] -- Using RMW implementation 'rmw_fastrtps_cpp' as default
[0.491s] -- Looking for pthread.h
[0.540s] -- Looking for pthread.h - found
[0.540s] -- Performing Test CMAKE_HAVE_LIBC_PTHREAD
[0.589s] -- Performing Test CMAKE_HAVE_LIBC_PTHREAD - Success
[0.590s] -- Found Threads: TRUE  
[0.636s] -- Found asio_cmake_module: 1.2.0 (/opt/ros/humble/share/asio_cmake_module/cmake)
[0.637s] -- Found ASIO: /usr/include  
[0.694s] -- Found eigen3_cmake_module: 0.1.1 (/opt/ros/humble/share/eigen3_cmake_module/cmake)
[0.695s] -- Found Eigen3: TRUE (found version "3.4.0") 
[0.695s] -- Ensuring Eigen3 include directory is part of orocos-kdl CMake target
[0.736s] -- Found ament_lint_auto: 0.12.11 (/opt/ros/humble/share/ament_lint_auto/cmake)
[0.748s] -- Added test 'cppcheck' to perform static code analysis on C / C++ code
[0.748s] -- Configured cppcheck include dirs: /home/ultron/Desktop/ros2_ws/src/rm_serial_driver/include
[0.748s] -- Configured cppcheck exclude dirs and/or files: 
[0.749s] -- Added test 'cpplint' to check C / C++ code against the Google style
[0.749s] -- Configured cpplint exclude dirs and/or files: 
[0.749s] -- Added test 'flake8' to check Python code syntax and style conventions
[0.749s] -- Added test 'lint_cmake' to check CMake code style
[0.750s] -- Added test 'pep257' to check Python code against some of the docstring style conventions in PEP 257
[0.750s] -- Added test 'xmllint' to check XML markup files
[0.751s] -- Configuring done
[0.761s] -- Generating done
[0.762s] -- Build files have been written to: /home/ultron/Desktop/ros2_ws/build/rm_serial_driver
[0.767s] Invoked command in '/home/ultron/Desktop/ros2_ws/build/rm_serial_driver' returned '0': AMENT_PREFIX_PATH=/home/ultron/Desktop/ros2_ws/install/vr_interfaces:${AMENT_PREFIX_PATH} CMAKE_PREFIX_PATH=/home/ultron/Desktop/ros2_ws/install/vr_interfaces:/opt/ros/humble LD_LIBRARY_PATH=/home/ultron/Desktop/ros2_ws/install/vr_interfaces/lib:${LD_LIBRARY_PATH} PYTHONPATH=/home/ultron/Desktop/ros2_ws/install/vr_interfaces/local/lib/python3.10/dist-packages:${PYTHONPATH} /usr/bin/cmake /home/ultron/Desktop/ros2_ws/src/rm_serial_driver -DCMAKE_INSTALL_PREFIX=/home/ultron/Desktop/ros2_ws/install/rm_serial_driver
[0.768s] Invoking command in '/home/ultron/Desktop/ros2_ws/build/rm_serial_driver': AMENT_PREFIX_PATH=/home/ultron/Desktop/ros2_ws/install/vr_interfaces:${AMENT_PREFIX_PATH} CMAKE_PREFIX_PATH=/home/ultron/Desktop/ros2_ws/install/vr_interfaces:/opt/ros/humble LD_LIBRARY_PATH=/home/ultron/Desktop/ros2_ws/install/vr_interfaces/lib:${LD_LIBRARY_PATH} PYTHONPATH=/home/ultron/Desktop/ros2_ws/install/vr_interfaces/local/lib/python3.10/dist-packages:${PYTHONPATH} /usr/bin/cmake --build /home/ultron/Desktop/ros2_ws/build/rm_serial_driver -- -j28 -l28
[0.804s] [ 20%] [32mBuilding CXX object CMakeFiles/rm_serial_driver.dir/src/rm_serial_driver.cpp.o[0m
[0.804s] [ 40%] [32mBuilding CXX object CMakeFiles/rm_serial_driver.dir/src/crc.cpp.o[0m
[0.805s] [ 60%] [32mBuilding CXX object CMakeFiles/rm_serial_driver_node.dir/rclcpp_components/node_main_rm_serial_driver_node.cpp.o[0m
[2.234s] In file included from [01m[K/home/ultron/Desktop/ros2_ws/src/rm_serial_driver/src/rm_serial_driver.cpp:22[m[K:
[2.234s] [01m[K/home/ultron/Desktop/ros2_ws/src/rm_serial_driver/include/rm_serial_driver/rm_serial_driver.hpp:62:3:[m[K [01;31m[Kerror: [m[Kâ€˜[01m[Kvr_interfaces[m[Kâ€™ does not name a type
[2.234s]    62 |   [01;31m[Kvr_interfaces[m[K::msg::PosCmd VR_Left;
[2.234s]       |   [01;31m[K^~~~~~~~~~~~~[m[K
[2.236s] [01m[K/home/ultron/Desktop/ros2_ws/src/rm_serial_driver/include/rm_serial_driver/rm_serial_driver.hpp:63:3:[m[K [01;31m[Kerror: [m[Kâ€˜[01m[Kvr_interfaces[m[Kâ€™ does not name a type
[2.236s]    63 |   [01;31m[Kvr_interfaces[m[K::msg::PosCmd VR_Right;
[2.236s]       |   [01;31m[K^~~~~~~~~~~~~[m[K
[2.243s] [01m[K/home/ultron/Desktop/ros2_ws/src/rm_serial_driver/include/rm_serial_driver/rm_serial_driver.hpp:70:21:[m[K [01;31m[Kerror: [m[Kâ€˜[01m[Kvr_interfaces[m[Kâ€™ was not declared in this scope; did you mean â€˜[01m[Krcl_interfaces[m[Kâ€™?
[2.243s]    70 |   rclcpp::Publisher<[01;31m[Kvr_interfaces[m[K::msg::PosCmd>::SharedPtr arxvrr_pub_;
[2.243s]       |                     [01;31m[K^~~~~~~~~~~~~[m[K
[2.243s]       |                     [32m[Krcl_interfaces[m[K
[2.243s] [01m[K/home/ultron/Desktop/ros2_ws/src/rm_serial_driver/include/rm_serial_driver/rm_serial_driver.hpp:70:47:[m[K [01;31m[Kerror: [m[Ktemplate argument 1 is invalid
[2.243s]    70 |   rclcpp::Publisher<vr_interfaces::msg::PosCmd[01;31m[K>[m[K::SharedPtr arxvrr_pub_;
[2.243s]       |                                               [01;31m[K^[m[K
[2.243s] [01m[K/home/ultron/Desktop/ros2_ws/src/rm_serial_driver/include/rm_serial_driver/rm_serial_driver.hpp:70:50:[m[K [01;31m[Kerror: [m[Kexpected â€˜[01m[K;[m[Kâ€™ at end of member declaration
[2.243s]    70 |   rclcpp::Publisher<vr_interfaces::msg::PosCmd>::[01;31m[KSharedPtr[m[K arxvrr_pub_;
[2.243s]       |                                                  [01;31m[K^~~~~~~~~[m[K
[2.243s]       |                                                           [32m[K;[m[K
[2.245s] [01m[K/home/ultron/Desktop/ros2_ws/src/rm_serial_driver/include/rm_serial_driver/rm_serial_driver.hpp:70:60:[m[K [01;31m[Kerror: [m[Kâ€˜[01m[Karxvrr_pub_[m[Kâ€™ does not name a type
[2.245s]    70 |   rclcpp::Publisher<vr_interfaces::msg::PosCmd>::SharedPtr [01;31m[Karxvrr_pub_[m[K;
[2.245s]       |                                                            [01;31m[K^~~~~~~~~~~[m[K
[2.249s] [01m[K/home/ultron/Desktop/ros2_ws/src/rm_serial_driver/include/rm_serial_driver/rm_serial_driver.hpp:71:21:[m[K [01;31m[Kerror: [m[Kâ€˜[01m[Kvr_interfaces[m[Kâ€™ was not declared in this scope; did you mean â€˜[01m[Krcl_interfaces[m[Kâ€™?
[2.249s]    71 |   rclcpp::Publisher<[01;31m[Kvr_interfaces[m[K::msg::PosCmd>::SharedPtr arxvrl_pub_;
[2.249s]       |                     [01;31m[K^~~~~~~~~~~~~[m[K
[2.249s]       |                     [32m[Krcl_interfaces[m[K
[2.249s] [01m[K/home/ultron/Desktop/ros2_ws/src/rm_serial_driver/include/rm_serial_driver/rm_serial_driver.hpp:71:47:[m[K [01;31m[Kerror: [m[Ktemplate argument 1 is invalid
[2.249s]    71 |   rclcpp::Publisher<vr_interfaces::msg::PosCmd[01;31m[K>[m[K::SharedPtr arxvrl_pub_;
[2.249s]       |                                               [01;31m[K^[m[K
[2.249s] [01m[K/home/ultron/Desktop/ros2_ws/src/rm_serial_driver/include/rm_serial_driver/rm_serial_driver.hpp:71:50:[m[K [01;31m[Kerror: [m[Kexpected â€˜[01m[K;[m[Kâ€™ at end of member declaration
[2.249s]    71 |   rclcpp::Publisher<vr_interfaces::msg::PosCmd>::[01;31m[KSharedPtr[m[K arxvrl_pub_;
[2.249s]       |                                                  [01;31m[K^~~~~~~~~[m[K
[2.249s]       |                                                           [32m[K;[m[K
[2.249s] [01m[K/home/ultron/Desktop/ros2_ws/src/rm_serial_driver/include/rm_serial_driver/rm_serial_driver.hpp:71:50:[m[K [01;31m[Kerror: [m[Kredeclaration of â€˜[01m[Kint rm_serial_driver::RMSerialDriver::SharedPtr[m[Kâ€™
[2.249s] [01m[K/home/ultron/Desktop/ros2_ws/src/rm_serial_driver/include/rm_serial_driver/rm_serial_driver.hpp:70:50:[m[K [01;36m[Knote: [m[Kprevious declaration â€˜[01m[Kint rm_serial_driver::RMSerialDriver::SharedPtr[m[Kâ€™
[2.249s]    70 |   rclcpp::Publisher<vr_interfaces::msg::PosCmd>::[01;36m[KSharedPtr[m[K arxvrr_pub_;
[2.249s]       |                                                  [01;36m[K^~~~~~~~~[m[K
[2.251s] [01m[K/home/ultron/Desktop/ros2_ws/src/rm_serial_driver/include/rm_serial_driver/rm_serial_driver.hpp:71:60:[m[K [01;31m[Kerror: [m[Kâ€˜[01m[Karxvrl_pub_[m[Kâ€™ does not name a type
[2.251s]    71 |   rclcpp::Publisher<vr_interfaces::msg::PosCmd>::SharedPtr [01;31m[Karxvrl_pub_[m[K;
[2.251s]       |                                                            [01;31m[K^~~~~~~~~~~[m[K
[2.254s] [ 80%] [32m[1mLinking CXX executable rm_serial_driver_node[0m
[2.321s] [ 80%] Built target rm_serial_driver_node
[2.405s] [01m[K/home/ultron/Desktop/ros2_ws/src/rm_serial_driver/src/rm_serial_driver.cpp:[m[K In constructor â€˜[01m[Krm_serial_driver::RMSerialDriver::RMSerialDriver(const rclcpp::NodeOptions&)[m[Kâ€™:
[2.405s] [01m[K/home/ultron/Desktop/ros2_ws/src/rm_serial_driver/src/rm_serial_driver.cpp:41:3:[m[K [01;31m[Kerror: [m[Kâ€˜[01m[Karxvrr_pub_[m[Kâ€™ was not declared in this scope
[2.406s]    41 |   [01;31m[Karxvrr_pub_[m[K = this->create_publisher<vr_interfaces::msg::PosCmd>("ARX_VR_R", 10);
[2.406s]       |   [01;31m[K^~~~~~~~~~~[m[K
[2.412s] [01m[K/home/ultron/Desktop/ros2_ws/src/rm_serial_driver/src/rm_serial_driver.cpp:42:3:[m[K [01;31m[Kerror: [m[Kâ€˜[01m[Karxvrl_pub_[m[Kâ€™ was not declared in this scope
[2.412s]    42 |   [01;31m[Karxvrl_pub_[m[K = this->create_publisher<vr_interfaces::msg::PosCmd>("ARX_VR_L", 10);
[2.412s]       |   [01;31m[K^~~~~~~~~~~[m[K
[2.418s] [01m[K/home/ultron/Desktop/ros2_ws/src/rm_serial_driver/src/rm_serial_driver.cpp:[m[K In member function â€˜[01m[Kvoid rm_serial_driver::RMSerialDriver::receiveData()[m[Kâ€™:
[2.418s] [01m[K/home/ultron/Desktop/ros2_ws/src/rm_serial_driver/src/rm_serial_driver.cpp:112:11:[m[K [01;31m[Kerror: [m[Kâ€˜[01m[KVR_Right[m[Kâ€™ was not declared in this scope
[2.418s]   112 |           [01;31m[KVR_Right[m[K.x= packet.right_XYZ[0];
[2.418s]       |           [01;31m[K^~~~~~~~[m[K
[2.421s] [01m[K/home/ultron/Desktop/ros2_ws/src/rm_serial_driver/src/rm_serial_driver.cpp:120:11:[m[K [01;31m[Kerror: [m[Kâ€˜[01m[KVR_Left[m[Kâ€™ was not declared in this scope
[2.421s]   120 |           [01;31m[KVR_Left[m[K.x= packet.left_XYZ[0];
[2.421s]       |           [01;31m[K^~~~~~~[m[K
[2.426s] [01m[K/home/ultron/Desktop/ros2_ws/src/rm_serial_driver/src/rm_serial_driver.cpp:128:11:[m[K [01;31m[Kerror: [m[Kâ€˜[01m[Karxvrr_pub_[m[Kâ€™ was not declared in this scope
[2.426s]   128 |           [01;31m[Karxvrr_pub_[m[K->publish(VR_Right);
[2.426s]       |           [01;31m[K^~~~~~~~~~~[m[K
[2.430s] [01m[K/home/ultron/Desktop/ros2_ws/src/rm_serial_driver/src/rm_serial_driver.cpp:129:11:[m[K [01;31m[Kerror: [m[Kâ€˜[01m[Karxvrl_pub_[m[Kâ€™ was not declared in this scope
[2.430s]   129 |           [01;31m[Karxvrl_pub_[m[K->publish(VR_Left);
[2.430s]       |           [01;31m[K^~~~~~~~~~~[m[K
[2.997s] gmake[2]: *** [CMakeFiles/rm_serial_driver.dir/build.make:76ï¼šCMakeFiles/rm_serial_driver.dir/src/rm_serial_driver.cpp.o] é”™è¯¯ 1
[2.997s] gmake[1]: *** [CMakeFiles/Makefile2:139ï¼šCMakeFiles/rm_serial_driver.dir/all] é”™è¯¯ 2
[2.997s] gmake: *** [Makefile:146ï¼šall] é”™è¯¯ 2
[3.001s] Invoked command in '/home/ultron/Desktop/ros2_ws/build/rm_serial_driver' returned '2': AMENT_PREFIX_PATH=/home/ultron/Desktop/ros2_ws/install/vr_interfaces:${AMENT_PREFIX_PATH} CMAKE_PREFIX_PATH=/home/ultron/Desktop/ros2_ws/install/vr_interfaces:/opt/ros/humble LD_LIBRARY_PATH=/home/ultron/Desktop/ros2_ws/install/vr_interfaces/lib:${LD_LIBRARY_PATH} PYTHONPATH=/home/ultron/Desktop/ros2_ws/install/vr_interfaces/local/lib/python3.10/dist-packages:${PYTHONPATH} /usr/bin/cmake --build /home/ultron/Desktop/ros2_ws/build/rm_serial_driver -- -j28 -l28
